0 info it worked if it ends with ok
1 verbose cli [ '/usr/bin/nodejs', '/usr/bin/npm', 'run', 'launch' ]
2 info using npm@3.5.2
3 info using node@v4.2.6
4 verbose run-script [ 'prelaunch', 'launch', 'postlaunch' ]
5 info lifecycle bapcode4linux@1.0.0~prelaunch: bapcode4linux@1.0.0
6 silly lifecycle bapcode4linux@1.0.0~prelaunch: no script for prelaunch, continuing
7 info lifecycle bapcode4linux@1.0.0~launch: bapcode4linux@1.0.0
8 verbose lifecycle bapcode4linux@1.0.0~launch: unsafe-perm in lifecycle true
9 verbose lifecycle bapcode4linux@1.0.0~launch: PATH: /usr/share/npm/bin/node-gyp-bin:/home/teobaldo/bapcod4linux/node_modules/.bin:/home/teobaldo/lingo17:/home/teobaldo/lingo17:/home/teobaldo/lingo17:/home/teobaldo/bin:/home/teobaldo/.local/bin:/usr/local/sbin:/usr/local/bin:/usr/sbin:/usr/bin:/sbin:/bin:/usr/games:/usr/local/games:/snap/bin:/opt/ibm/ILOG/CPLEX_Studio128/cplex/include/ilcplex/:/opt/ibm/ILOG/CPLEX_Studio128/cplex/lib/x86-64_linux/static_pic/:/home/teobaldo/julia-0d7248e2ff/bin:/home/teobaldo/porta-1.4.1/gnu-make/bin
10 verbose lifecycle bapcode4linux@1.0.0~launch: CWD: /home/teobaldo/bapcod4linux
11 silly lifecycle bapcode4linux@1.0.0~launch: Args: [ '-c', 'node index.js' ]
12 info lifecycle bapcode4linux@1.0.0~launch: Failed to exec launch script
13 verbose stack Error: bapcode4linux@1.0.0 launch: `node index.js`
13 verbose stack spawn ENOENT
13 verbose stack     at ChildProcess.<anonymous> (/usr/share/npm/lib/utils/spawn.js:17:16)
13 verbose stack     at emitTwo (events.js:87:13)
13 verbose stack     at ChildProcess.emit (events.js:172:7)
13 verbose stack     at maybeClose (internal/child_process.js:821:16)
13 verbose stack     at Process.ChildProcess._handle.onexit (internal/child_process.js:211:5)
14 verbose pkgid bapcode4linux@1.0.0
15 verbose cwd /home/teobaldo/bapcod4linux
16 error Linux 4.15.0-30-generic
17 error argv "/usr/bin/nodejs" "/usr/bin/npm" "run" "launch"
18 error node v4.2.6
19 error npm  v3.5.2
20 error file sh
21 error code ELIFECYCLE
22 error errno ENOENT
23 error syscall spawn
24 error bapcode4linux@1.0.0 launch: `node index.js`
24 error spawn ENOENT
25 error Failed at the bapcode4linux@1.0.0 launch script 'node index.js'.
25 error Make sure you have the latest version of node.js and npm installed.
25 error If you do, this is most likely a problem with the bapcode4linux package,
25 error not with npm itself.
25 error Tell the author that this fails on your system:
25 error     node index.js
25 error You can get information on how to open an issue for this project with:
25 error     npm bugs bapcode4linux
25 error Or if that isn't available, you can get their info via:
25 error     npm owner ls bapcode4linux
25 error There is likely additional logging output above.
26 verbose exit [ 1, true ]
